--------------------------------------------------------------------------------------------------------------
      name:  <unnamed>
       log:  /Users/alhu/Downloads/bitcoin/code/stata/prices_study/output/pca_daily.log
  log type:  text
 opened on:  14 Aug 2017, 23:18:24
. eststo: pca r_btc r_ltc r_ppc r_doge r_dash r_maid r_xmr r_nxt

Principal components/correlation                  Number of obs    =       775
                                                  Number of comp.  =         8
                                                  Trace            =         8
    Rotation: (unrotated = principal)             Rho              =    1.0000

    --------------------------------------------------------------------------
       Component |   Eigenvalue   Difference         Proportion   Cumulative
    -------------+------------------------------------------------------------
           Comp1 |      3.31097      2.29761             0.4139       0.4139
           Comp2 |      1.01336      .172886             0.1267       0.5405
           Comp3 |      .840471     .0861822             0.1051       0.6456
           Comp4 |      .754289     .0350592             0.0943       0.7399
           Comp5 |       .71923     .0842478             0.0899       0.8298
           Comp6 |      .634982      .232917             0.0794       0.9092
           Comp7 |      .402065     .0774247             0.0503       0.9594
           Comp8 |      .324641            .             0.0406       1.0000
    --------------------------------------------------------------------------

Principal components (eigenvectors) 

    ----------------------------------------------------------------------------------------------
        Variable |    Comp1     Comp2     Comp3     Comp4     Comp5     Comp6     Comp7     Comp8 
    -------------+--------------------------------------------------------------------------------
           r_btc |   0.4618   -0.0472   -0.0440   -0.0308   -0.0952    0.0140   -0.6419   -0.6003 
           r_ltc |   0.4161   -0.3389   -0.2647    0.2223    0.0539    0.2094   -0.3022    0.6742 
           r_ppc |   0.4040   -0.3561   -0.2448    0.2480   -0.0828    0.1464    0.6627   -0.3480 
          r_doge |   0.3422   -0.1175    0.3992    0.1180    0.4221   -0.7118    0.0783    0.0700 
          r_dash |   0.3256    0.0623    0.0543   -0.7830    0.3922    0.3026    0.1596    0.0560 
          r_maid |   0.2201    0.7268   -0.0266    0.4509    0.3763    0.2727    0.0540   -0.0201 
           r_xmr |   0.2985    0.4440   -0.4441   -0.2388   -0.4537   -0.4574    0.1180    0.1746 
           r_nxt |   0.2996    0.1139    0.7126    0.0274   -0.5494    0.2297    0.0954    0.1584 
    ----------------------------------------------------------------------------------------------

    ---------------------------
        Variable | Unexplained 
    -------------+-------------
           r_btc |           0 
           r_ltc |           0 
           r_ppc |           0 
          r_doge |           0 
          r_dash |           0 
          r_maid |           0 
           r_xmr |           0 
           r_nxt |           0 
    ---------------------------
(est1 stored)
. log close
      name:  <unnamed>
       log:  /Users/alhu/Downloads/bitcoin/code/stata/prices_study/output/pca_daily.log
  log type:  text
 closed on:  14 Aug 2017, 23:18:24
--------------------------------------------------------------------------------------------------------------
