--------------------------------------------------------------------------------------------------------------
      name:  <unnamed>
       log:  /Users/alhu/Downloads/bitcoin/code/stata/prices_study/output/pca_weekly.log
  log type:  text
 opened on:  14 Aug 2017, 23:13:01
. eststo: pca r_btc r_ltc r_ppc r_doge r_dash r_maid r_xmr r_nxt

Principal components/correlation                  Number of obs    =        55
                                                  Number of comp.  =         8
                                                  Trace            =         8
    Rotation: (unrotated = principal)             Rho              =    1.0000

    --------------------------------------------------------------------------
       Component |   Eigenvalue   Difference         Proportion   Cumulative
    -------------+------------------------------------------------------------
           Comp1 |      3.06434      1.94505             0.3830       0.3830
           Comp2 |      1.11929     .0494262             0.1399       0.5230
           Comp3 |      1.06986      .109302             0.1337       0.6567
           Comp4 |      .960558      .183664             0.1201       0.7768
           Comp5 |      .776894      .256145             0.0971       0.8739
           Comp6 |      .520748      .240322             0.0651       0.9390
           Comp7 |      .280426     .0725364             0.0351       0.9740
           Comp8 |       .20789            .             0.0260       1.0000
    --------------------------------------------------------------------------

Principal components (eigenvectors) 

    ----------------------------------------------------------------------------------------------
        Variable |    Comp1     Comp2     Comp3     Comp4     Comp5     Comp6     Comp7     Comp8 
    -------------+--------------------------------------------------------------------------------
           r_btc |   0.4484   -0.2158   -0.3628   -0.2118    0.1050    0.0092    0.5478   -0.5144 
           r_ltc |   0.4532   -0.3277   -0.1901   -0.2121   -0.2230    0.2127    0.0024    0.7149 
           r_ppc |   0.4780    0.0131    0.1745   -0.1397   -0.3401    0.0728   -0.6527   -0.4176 
          r_doge |   0.3018    0.0269    0.6916    0.1511   -0.2662   -0.3957    0.4156    0.0830 
          r_dash |   0.2671   -0.3031    0.2813    0.5194    0.5680    0.3971   -0.0853   -0.0201 
          r_maid |   0.2000    0.6384   -0.2209    0.4553   -0.3111    0.4017    0.1938    0.0250 
           r_xmr |   0.3680    0.2653   -0.3324    0.2156    0.3623   -0.6506   -0.2311    0.1713 
           r_nxt |   0.1650    0.5247    0.2916   -0.5868    0.4495    0.2247    0.0537    0.1126 
    ----------------------------------------------------------------------------------------------

    ---------------------------
        Variable | Unexplained 
    -------------+-------------
           r_btc |           0 
           r_ltc |           0 
           r_ppc |           0 
          r_doge |           0 
          r_dash |           0 
          r_maid |           0 
           r_xmr |           0 
           r_nxt |           0 
    ---------------------------
(est1 stored)
. log close
      name:  <unnamed>
       log:  /Users/alhu/Downloads/bitcoin/code/stata/prices_study/output/pca_weekly.log
  log type:  text
 closed on:  14 Aug 2017, 23:13:01
--------------------------------------------------------------------------------------------------------------
